[15:16:38] carregar_alertas: 0 alertas encontrados
[15:16:39] create_app(db_path=C:\Users\AJESF\OneDrive\Documents\New folder\cyberbullying_detector\offline\dist\data\cyberbullying.db)
[15:16:39] === DIAGNÓSTICO ===
[15:16:39] DB_PATH = C:\Users\AJESF\OneDrive\Documents\New folder\cyberbullying_detector\offline\dist\data\cyberbullying.db
[15:16:39] DB exists: True
[15:16:39] analises=0 comentarios=0 alertas=0
[15:16:39] === FIM DIAGNÓSTICO ===
[15:16:39] carregar_alertas: 0 alertas encontrados
[15:16:56] carregar_alertas: 0 alertas encontrados
[15:16:56] create_app(db_path=C:\Users\AJESF\OneDrive\Documents\New folder\cyberbullying_detector\offline\dist\data\cyberbullying.db)
[15:16:56] === DIAGNÓSTICO ===
[15:16:56] DB_PATH = C:\Users\AJESF\OneDrive\Documents\New folder\cyberbullying_detector\offline\dist\data\cyberbullying.db
[15:16:56] DB exists: True
[15:16:56] analises=0 comentarios=0 alertas=0
[15:16:56] === FIM DIAGNÓSTICO ===
[15:16:56] carregar_alertas: 0 alertas encontrados
[15:17:01] carregar_alertas: 0 alertas encontrados
[15:17:06] carregar_alertas: 0 alertas encontrados
[15:17:11] carregar_alertas: 0 alertas encontrados
[15:17:16] carregar_alertas: 0 alertas encontrados
[15:17:21] carregar_alertas: 0 alertas encontrados
[15:17:26] carregar_alertas: 0 alertas encontrados
[15:17:31] carregar_alertas: 0 alertas encontrados
[15:17:36] carregar_alertas: 0 alertas encontrados
[15:17:41] carregar_alertas: 0 alertas encontrados
[15:17:46] carregar_alertas: 0 alertas encontrados
[15:17:51] carregar_alertas: 0 alertas encontrados
[15:17:56] carregar_alertas: 0 alertas encontrados
[15:17:59] carregar_alertas: 0 alertas encontrados
[15:17:59] create_app(db_path=C:\Users\AJESF\OneDrive\Documents\New folder\cyberbullying_detector\offline\dist\data\cyberbullying.db)
[15:18:00] === DIAGNÓSTICO ===
[15:18:00] DB_PATH = C:\Users\AJESF\OneDrive\Documents\New folder\cyberbullying_detector\offline\dist\data\cyberbullying.db
[15:18:00] DB exists: True
[15:18:00] analises=0 comentarios=0 alertas=0
[15:18:00] === FIM DIAGNÓSTICO ===
[15:18:00] carregar_alertas: 0 alertas encontrados
[15:18:01] carregar_alertas: 0 alertas encontrados
[15:18:05] carregar_alertas: 0 alertas encontrados
[15:18:06] carregar_alertas: 0 alertas encontrados
[15:18:10] carregar_alertas: 0 alertas encontrados
[15:18:11] carregar_alertas: 0 alertas encontrados
[15:18:15] carregar_alertas: 0 alertas encontrados
[15:18:16] carregar_alertas: 0 alertas encontrados
[15:18:20] carregar_alertas: 0 alertas encontrados
[15:18:21] carregar_alertas: 0 alertas encontrados
[15:18:26] carregar_alertas: 0 alertas encontrados
[15:18:32] carregar_alertas: 0 alertas encontrados
[15:18:37] carregar_alertas: 0 alertas encontrados
[15:18:42] carregar_alertas: 0 alertas encontrados
[15:18:47] carregar_alertas: 0 alertas encontrados
[15:18:52] carregar_alertas: 0 alertas encontrados
[15:18:57] carregar_alertas: 0 alertas encontrados
[15:19:02] carregar_alertas: 0 alertas encontrados
[15:19:07] carregar_alertas: 0 alertas encontrados
[15:19:12] carregar_alertas: 0 alertas encontrados
[15:19:17] carregar_alertas: 0 alertas encontrados
[15:19:22] carregar_alertas: 0 alertas encontrados
[15:19:27] carregar_alertas: 0 alertas encontrados
[15:19:32] carregar_alertas: 0 alertas encontrados
[15:19:37] carregar_alertas: 0 alertas encontrados
[15:19:42] carregar_alertas: 0 alertas encontrados
[15:19:59] carregar_alertas: 0 alertas encontrados
[15:19:59] create_app(db_path=C:\Users\AJESF\OneDrive\Documents\New folder\cyberbullying_detector\offline\dist\data\cyberbullying.db)
[15:19:59] === DIAGNÓSTICO ===
[15:19:59] DB_PATH = C:\Users\AJESF\OneDrive\Documents\New folder\cyberbullying_detector\offline\dist\data\cyberbullying.db
[15:19:59] DB exists: True
[15:19:59] analises=0 comentarios=0 alertas=0
[15:19:59] === FIM DIAGNÓSTICO ===
[15:19:59] carregar_alertas: 0 alertas encontrados
[15:20:04] carregar_alertas: 0 alertas encontrados
[15:20:09] carregar_alertas: 0 alertas encontrados
[15:20:14] carregar_alertas: 0 alertas encontrados
[15:20:32] carregar_alertas: 0 alertas encontrados
[15:20:32] create_app(db_path=C:\Users\AJESF\OneDrive\Documents\New folder\cyberbullying_detector\offline\dist\data\cyberbullying.db)
[15:20:32] === DIAGNÓSTICO ===
[15:20:32] DB_PATH = C:\Users\AJESF\OneDrive\Documents\New folder\cyberbullying_detector\offline\dist\data\cyberbullying.db
[15:20:32] DB exists: True
[15:20:32] analises=0 comentarios=0 alertas=0
[15:20:32] === FIM DIAGNÓSTICO ===
[15:20:32] carregar_alertas: 0 alertas encontrados
[15:20:37] carregar_alertas: 0 alertas encontrados
[15:20:42] carregar_alertas: 0 alertas encontrados
[15:20:47] carregar_alertas: 0 alertas encontrados
[15:20:52] carregar_alertas: 0 alertas encontrados
[15:20:59] carregar_alertas: 0 alertas encontrados
[15:38:26] carregar_alertas: 0 alertas encontrados
[15:38:26] create_app(db_path=C:\Users\AJESF\OneDrive\Documents\New folder\cyberbullying_detector\offline\dist\data\cyberbullying.db)
[15:38:26] === DIAGNÓSTICO ===
[15:38:26] DB_PATH = C:\Users\AJESF\OneDrive\Documents\New folder\cyberbullying_detector\offline\dist\data\cyberbullying.db
[15:38:26] DB exists: True
[15:38:26] analises=0 comentarios=0 alertas=0
[15:38:26] === FIM DIAGNÓSTICO ===
[15:38:26] carregar_alertas: 0 alertas encontrados
[15:38:31] carregar_alertas: 0 alertas encontrados
[15:38:36] carregar_alertas: 0 alertas encontrados
[15:38:41] carregar_alertas: 0 alertas encontrados
[15:38:46] carregar_alertas: 0 alertas encontrados
[15:38:51] carregar_alertas: 0 alertas encontrados
[15:38:56] carregar_alertas: 0 alertas encontrados
[15:39:01] carregar_alertas: 0 alertas encontrados
[15:39:06] carregar_alertas: 0 alertas encontrados
[15:39:11] carregar_alertas: 0 alertas encontrados
[15:39:16] carregar_alertas: 0 alertas encontrados
[15:39:21] carregar_alertas: 0 alertas encontrados
[15:39:26] carregar_alertas: 0 alertas encontrados
[15:39:31] carregar_alertas: 0 alertas encontrados
[15:39:36] carregar_alertas: 0 alertas encontrados
[15:39:41] carregar_alertas: 0 alertas encontrados
[15:39:47] carregar_alertas: 0 alertas encontrados
[15:39:52] carregar_alertas: 0 alertas encontrados
[15:39:57] carregar_alertas: 0 alertas encontrados
[15:40:02] carregar_alertas: 0 alertas encontrados
[15:40:07] carregar_alertas: 0 alertas encontrados
[15:40:12] carregar_alertas: 0 alertas encontrados
[15:40:17] carregar_alertas: 0 alertas encontrados
[15:40:22] carregar_alertas: 0 alertas encontrados
[15:40:27] carregar_alertas: 0 alertas encontrados
[15:40:32] carregar_alertas: 0 alertas encontrados
[15:40:37] carregar_alertas: 0 alertas encontrados
[15:40:42] carregar_alertas: 0 alertas encontrados
[15:40:47] carregar_alertas: 0 alertas encontrados
[15:40:52] carregar_alertas: 0 alertas encontrados
[15:40:57] carregar_alertas: 0 alertas encontrados
[15:41:02] carregar_alertas: 0 alertas encontrados
[15:41:07] carregar_alertas: 0 alertas encontrados
[15:41:12] carregar_alertas: 0 alertas encontrados
[15:41:17] carregar_alertas: 0 alertas encontrados
[15:41:22] carregar_alertas: 0 alertas encontrados
[15:41:27] carregar_alertas: 0 alertas encontrados
[15:41:32] carregar_alertas: 0 alertas encontrados
[15:41:37] carregar_alertas: 0 alertas encontrados
[15:41:42] carregar_alertas: 0 alertas encontrados
[15:41:47] carregar_alertas: 0 alertas encontrados
[15:41:52] carregar_alertas: 0 alertas encontrados
[15:41:57] carregar_alertas: 0 alertas encontrados
[15:42:02] carregar_alertas: 0 alertas encontrados
[15:42:07] carregar_alertas: 0 alertas encontrados
[15:42:12] carregar_alertas: 0 alertas encontrados
[15:42:17] carregar_alertas: 0 alertas encontrados
[15:42:22] carregar_alertas: 0 alertas encontrados
[15:42:27] carregar_alertas: 0 alertas encontrados
[15:42:32] carregar_alertas: 0 alertas encontrados
[15:42:37] carregar_alertas: 0 alertas encontrados
[15:42:42] carregar_alertas: 0 alertas encontrados
[15:42:47] carregar_alertas: 0 alertas encontrados
[15:42:52] carregar_alertas: 0 alertas encontrados
[15:42:57] carregar_alertas: 0 alertas encontrados
[15:43:02] carregar_alertas: 0 alertas encontrados
[15:43:07] carregar_alertas: 0 alertas encontrados
[15:43:12] carregar_alertas: 0 alertas encontrados
[15:43:17] carregar_alertas: 0 alertas encontrados
[15:43:22] carregar_alertas: 0 alertas encontrados
[15:43:27] carregar_alertas: 0 alertas encontrados
[15:43:32] carregar_alertas: 0 alertas encontrados
[15:43:37] carregar_alertas: 0 alertas encontrados
[15:43:42] carregar_alertas: 0 alertas encontrados
[15:43:47] carregar_alertas: 0 alertas encontrados
[15:43:52] carregar_alertas: 0 alertas encontrados
[15:43:57] carregar_alertas: 0 alertas encontrados
[15:44:02] carregar_alertas: 0 alertas encontrados
[15:44:07] carregar_alertas: 0 alertas encontrados
[15:44:12] carregar_alertas: 0 alertas encontrados
[15:44:17] carregar_alertas: 0 alertas encontrados
[15:44:22] carregar_alertas: 0 alertas encontrados
[15:44:27] carregar_alertas: 0 alertas encontrados
[15:44:32] carregar_alertas: 0 alertas encontrados
[15:44:37] carregar_alertas: 0 alertas encontrados
[15:44:42] carregar_alertas: 0 alertas encontrados
[15:44:47] carregar_alertas: 0 alertas encontrados
[15:44:52] carregar_alertas: 0 alertas encontrados
[15:44:57] carregar_alertas: 0 alertas encontrados
[15:45:02] carregar_alertas: 0 alertas encontrados
[15:45:07] carregar_alertas: 0 alertas encontrados
[15:45:12] carregar_alertas: 0 alertas encontrados
[15:45:17] carregar_alertas: 0 alertas encontrados
[15:45:22] carregar_alertas: 0 alertas encontrados
[15:45:27] carregar_alertas: 0 alertas encontrados
[15:45:32] carregar_alertas: 0 alertas encontrados
[15:45:37] carregar_alertas: 0 alertas encontrados
[15:45:42] carregar_alertas: 0 alertas encontrados
[15:45:47] carregar_alertas: 0 alertas encontrados
[15:45:52] carregar_alertas: 0 alertas encontrados
[15:45:57] carregar_alertas: 0 alertas encontrados
[15:46:02] carregar_alertas: 0 alertas encontrados
[15:46:07] carregar_alertas: 0 alertas encontrados
[15:46:12] carregar_alertas: 0 alertas encontrados
[15:46:17] carregar_alertas: 0 alertas encontrados
[15:46:22] carregar_alertas: 0 alertas encontrados
[15:46:27] carregar_alertas: 0 alertas encontrados
[15:46:32] carregar_alertas: 0 alertas encontrados
[15:46:37] carregar_alertas: 0 alertas encontrados
[15:46:42] carregar_alertas: 0 alertas encontrados
[15:46:47] carregar_alertas: 0 alertas encontrados
[15:46:52] carregar_alertas: 0 alertas encontrados
[15:46:58] carregar_alertas: 0 alertas encontrados
[15:47:03] carregar_alertas: 0 alertas encontrados
[15:47:08] carregar_alertas: 0 alertas encontrados
[15:47:13] carregar_alertas: 0 alertas encontrados
[15:47:18] carregar_alertas: 0 alertas encontrados
[15:47:23] carregar_alertas: 0 alertas encontrados
[15:47:28] carregar_alertas: 0 alertas encontrados
[15:47:33] carregar_alertas: 0 alertas encontrados
[15:47:38] carregar_alertas: 0 alertas encontrados
[15:47:43] carregar_alertas: 0 alertas encontrados
[15:47:48] carregar_alertas: 0 alertas encontrados
[15:47:53] carregar_alertas: 0 alertas encontrados
[15:47:58] carregar_alertas: 0 alertas encontrados
[15:48:03] carregar_alertas: 0 alertas encontrados
[15:48:08] carregar_alertas: 0 alertas encontrados
[15:48:13] carregar_alertas: 0 alertas encontrados
[15:48:18] carregar_alertas: 0 alertas encontrados
[15:48:23] carregar_alertas: 0 alertas encontrados
[15:48:28] carregar_alertas: 0 alertas encontrados
[15:48:33] carregar_alertas: 0 alertas encontrados
[15:48:38] carregar_alertas: 0 alertas encontrados
[15:48:43] carregar_alertas: 0 alertas encontrados
[15:48:48] carregar_alertas: 0 alertas encontrados
[15:48:53] carregar_alertas: 0 alertas encontrados
[15:48:58] carregar_alertas: 0 alertas encontrados
[15:49:03] carregar_alertas: 0 alertas encontrados
[15:49:08] carregar_alertas: 0 alertas encontrados
[15:49:13] carregar_alertas: 0 alertas encontrados
[15:49:18] carregar_alertas: 0 alertas encontrados
[15:49:23] carregar_alertas: 0 alertas encontrados
[15:49:28] carregar_alertas: 0 alertas encontrados
[15:49:33] carregar_alertas: 0 alertas encontrados
[15:49:38] carregar_alertas: 0 alertas encontrados
[15:49:43] carregar_alertas: 0 alertas encontrados
[15:49:48] carregar_alertas: 0 alertas encontrados
[15:49:53] carregar_alertas: 0 alertas encontrados
[15:49:58] carregar_alertas: 0 alertas encontrados
[15:50:03] carregar_alertas: 0 alertas encontrados
[15:50:08] carregar_alertas: 0 alertas encontrados
[15:50:13] carregar_alertas: 0 alertas encontrados
[15:50:18] carregar_alertas: 0 alertas encontrados
[15:50:23] carregar_alertas: 0 alertas encontrados
[15:50:28] carregar_alertas: 0 alertas encontrados
[15:50:33] carregar_alertas: 0 alertas encontrados
[15:50:38] carregar_alertas: 0 alertas encontrados
[15:50:43] carregar_alertas: 0 alertas encontrados
[15:50:48] carregar_alertas: 0 alertas encontrados
[15:50:53] carregar_alertas: 0 alertas encontrados
[15:50:58] carregar_alertas: 0 alertas encontrados
[15:51:03] carregar_alertas: 0 alertas encontrados
[15:51:08] carregar_alertas: 0 alertas encontrados
[15:51:13] carregar_alertas: 0 alertas encontrados
[15:51:18] carregar_alertas: 0 alertas encontrados
[15:51:23] carregar_alertas: 0 alertas encontrados
[15:51:28] carregar_alertas: 0 alertas encontrados
[15:51:33] carregar_alertas: 0 alertas encontrados
[15:51:38] carregar_alertas: 0 alertas encontrados
[15:51:43] carregar_alertas: 0 alertas encontrados
[15:51:48] carregar_alertas: 0 alertas encontrados
[15:51:53] carregar_alertas: 0 alertas encontrados
[15:51:58] carregar_alertas: 0 alertas encontrados
[15:52:03] carregar_alertas: 0 alertas encontrados
[15:52:08] carregar_alertas: 0 alertas encontrados
[15:52:13] carregar_alertas: 0 alertas encontrados
[15:52:18] carregar_alertas: 0 alertas encontrados
[15:52:23] carregar_alertas: 0 alertas encontrados
[15:52:28] carregar_alertas: 0 alertas encontrados
[15:52:33] carregar_alertas: 0 alertas encontrados
[15:52:38] carregar_alertas: 0 alertas encontrados
[15:52:43] carregar_alertas: 0 alertas encontrados
[15:52:48] carregar_alertas: 0 alertas encontrados
[15:52:53] carregar_alertas: 0 alertas encontrados
[15:52:58] carregar_alertas: 0 alertas encontrados
[15:53:03] carregar_alertas: 0 alertas encontrados
[15:53:08] carregar_alertas: 0 alertas encontrados
[15:53:13] carregar_alertas: 0 alertas encontrados
[15:53:18] carregar_alertas: 0 alertas encontrados
[15:53:23] carregar_alertas: 0 alertas encontrados
[15:53:28] carregar_alertas: 0 alertas encontrados
[15:53:33] carregar_alertas: 0 alertas encontrados
[15:53:38] carregar_alertas: 0 alertas encontrados
[15:53:43] carregar_alertas: 0 alertas encontrados
[15:53:48] carregar_alertas: 0 alertas encontrados
[15:53:54] carregar_alertas: 0 alertas encontrados
[15:53:59] carregar_alertas: 0 alertas encontrados
[15:54:04] carregar_alertas: 0 alertas encontrados
[15:54:09] carregar_alertas: 0 alertas encontrados
[15:54:14] carregar_alertas: 0 alertas encontrados
[15:54:19] carregar_alertas: 0 alertas encontrados
[15:54:24] carregar_alertas: 0 alertas encontrados
[15:54:29] carregar_alertas: 0 alertas encontrados
[15:54:34] carregar_alertas: 0 alertas encontrados
[15:54:39] carregar_alertas: 0 alertas encontrados
[15:54:44] carregar_alertas: 0 alertas encontrados
[15:54:49] carregar_alertas: 0 alertas encontrados
[15:54:54] carregar_alertas: 0 alertas encontrados
[15:54:59] carregar_alertas: 0 alertas encontrados
[15:55:04] carregar_alertas: 0 alertas encontrados
[15:55:09] carregar_alertas: 0 alertas encontrados
[15:55:14] carregar_alertas: 0 alertas encontrados
[15:55:19] carregar_alertas: 0 alertas encontrados
[15:55:24] carregar_alertas: 0 alertas encontrados
[15:55:29] carregar_alertas: 0 alertas encontrados
[15:55:34] carregar_alertas: 0 alertas encontrados
[15:55:39] carregar_alertas: 0 alertas encontrados
[15:57:04] carregar_alertas: 0 alertas encontrados
[15:57:09] carregar_alertas: 0 alertas encontrados
[15:57:14] carregar_alertas: 0 alertas encontrados
[15:57:19] carregar_alertas: 0 alertas encontrados
[15:57:25] carregar_alertas: 0 alertas encontrados
[15:57:30] carregar_alertas: 0 alertas encontrados
[15:57:35] carregar_alertas: 0 alertas encontrados
[15:57:40] carregar_alertas: 0 alertas encontrados
[15:57:45] carregar_alertas: 0 alertas encontrados
[15:57:50] carregar_alertas: 0 alertas encontrados
[15:57:55] carregar_alertas: 0 alertas encontrados
[15:58:00] carregar_alertas: 0 alertas encontrados
[15:58:05] carregar_alertas: 0 alertas encontrados
[15:58:10] carregar_alertas: 0 alertas encontrados
[15:58:15] carregar_alertas: 0 alertas encontrados
[15:58:20] carregar_alertas: 0 alertas encontrados
[15:58:25] carregar_alertas: 0 alertas encontrados
[15:58:30] carregar_alertas: 0 alertas encontrados
[15:58:35] carregar_alertas: 0 alertas encontrados
[15:58:40] carregar_alertas: 0 alertas encontrados
[15:58:45] carregar_alertas: 0 alertas encontrados
[15:58:50] carregar_alertas: 0 alertas encontrados
[15:58:55] carregar_alertas: 0 alertas encontrados
[15:59:00] carregar_alertas: 0 alertas encontrados
[15:59:05] carregar_alertas: 0 alertas encontrados
[15:59:10] carregar_alertas: 0 alertas encontrados
[15:59:15] carregar_alertas: 0 alertas encontrados
[15:59:20] carregar_alertas: 0 alertas encontrados
[15:59:25] carregar_alertas: 0 alertas encontrados
[15:59:30] carregar_alertas: 0 alertas encontrados
[15:59:35] carregar_alertas: 0 alertas encontrados
[15:59:40] carregar_alertas: 0 alertas encontrados
[15:59:45] carregar_alertas: 0 alertas encontrados
[15:59:50] carregar_alertas: 0 alertas encontrados
[15:59:55] carregar_alertas: 0 alertas encontrados
[16:00:00] carregar_alertas: 0 alertas encontrados
[16:00:05] carregar_alertas: 0 alertas encontrados
[16:00:10] carregar_alertas: 0 alertas encontrados
[16:00:15] carregar_alertas: 0 alertas encontrados
[16:00:20] carregar_alertas: 0 alertas encontrados
[16:00:25] carregar_alertas: 0 alertas encontrados
[16:00:30] carregar_alertas: 0 alertas encontrados
[16:00:35] carregar_alertas: 0 alertas encontrados
[16:00:40] carregar_alertas: 0 alertas encontrados
[16:00:45] carregar_alertas: 0 alertas encontrados
[16:00:50] carregar_alertas: 0 alertas encontrados
[16:00:55] carregar_alertas: 0 alertas encontrados
[16:01:00] carregar_alertas: 0 alertas encontrados
[16:01:05] carregar_alertas: 0 alertas encontrados
[16:01:10] carregar_alertas: 0 alertas encontrados
[16:01:15] carregar_alertas: 0 alertas encontrados
[16:01:20] carregar_alertas: 0 alertas encontrados
[16:01:25] carregar_alertas: 0 alertas encontrados
[16:01:30] carregar_alertas: 0 alertas encontrados
[16:01:35] carregar_alertas: 0 alertas encontrados
[16:01:40] carregar_alertas: 0 alertas encontrados
[16:01:45] carregar_alertas: 0 alertas encontrados
[16:01:50] carregar_alertas: 0 alertas encontrados
[16:01:55] carregar_alertas: 0 alertas encontrados
[16:02:00] carregar_alertas: 0 alertas encontrados
[16:02:05] carregar_alertas: 0 alertas encontrados
[16:02:10] carregar_alertas: 0 alertas encontrados
[16:02:15] carregar_alertas: 0 alertas encontrados
[16:02:20] carregar_alertas: 0 alertas encontrados
[16:02:25] carregar_alertas: 0 alertas encontrados
[16:02:30] carregar_alertas: 0 alertas encontrados
[16:02:35] carregar_alertas: 0 alertas encontrados
[16:02:40] carregar_alertas: 0 alertas encontrados
[16:02:45] carregar_alertas: 0 alertas encontrados
[16:02:50] carregar_alertas: 0 alertas encontrados
[16:02:55] carregar_alertas: 0 alertas encontrados
[16:03:00] carregar_alertas: 0 alertas encontrados
[16:03:05] carregar_alertas: 0 alertas encontrados
[16:03:10] carregar_alertas: 0 alertas encontrados
[16:03:15] carregar_alertas: 0 alertas encontrados
[16:03:20] carregar_alertas: 0 alertas encontrados
[16:03:25] carregar_alertas: 0 alertas encontrados
[16:03:30] carregar_alertas: 0 alertas encontrados
[16:03:35] carregar_alertas: 0 alertas encontrados
[16:03:40] carregar_alertas: 0 alertas encontrados
[16:03:45] carregar_alertas: 0 alertas encontrados
[16:03:50] carregar_alertas: 0 alertas encontrados
[16:03:55] carregar_alertas: 0 alertas encontrados
[16:04:00] carregar_alertas: 0 alertas encontrados
[16:04:06] carregar_alertas: 0 alertas encontrados
[16:04:11] carregar_alertas: 0 alertas encontrados
[16:04:16] carregar_alertas: 0 alertas encontrados
[16:04:21] carregar_alertas: 0 alertas encontrados
[16:04:26] carregar_alertas: 0 alertas encontrados
[16:04:31] carregar_alertas: 0 alertas encontrados
[16:04:36] carregar_alertas: 0 alertas encontrados
[16:04:41] carregar_alertas: 0 alertas encontrados
[16:04:46] carregar_alertas: 0 alertas encontrados
[16:04:51] carregar_alertas: 0 alertas encontrados
[16:04:56] carregar_alertas: 0 alertas encontrados
[16:05:01] carregar_alertas: 0 alertas encontrados
[16:05:06] carregar_alertas: 0 alertas encontrados
[16:05:11] carregar_alertas: 0 alertas encontrados
[16:05:16] carregar_alertas: 0 alertas encontrados
[16:05:21] carregar_alertas: 0 alertas encontrados
[16:05:26] carregar_alertas: 0 alertas encontrados
[16:05:31] carregar_alertas: 0 alertas encontrados
[16:05:36] carregar_alertas: 0 alertas encontrados
[16:05:41] carregar_alertas: 0 alertas encontrados
[16:05:46] carregar_alertas: 0 alertas encontrados
[16:05:51] carregar_alertas: 0 alertas encontrados
[16:05:56] carregar_alertas: 0 alertas encontrados
[16:06:01] carregar_alertas: 0 alertas encontrados
[16:06:06] carregar_alertas: 0 alertas encontrados
[16:06:11] carregar_alertas: 0 alertas encontrados
[16:06:16] carregar_alertas: 0 alertas encontrados
[16:06:21] carregar_alertas: 0 alertas encontrados
[16:06:26] carregar_alertas: 0 alertas encontrados
[16:06:31] carregar_alertas: 0 alertas encontrados
[16:06:36] carregar_alertas: 0 alertas encontrados
[16:06:41] carregar_alertas: 0 alertas encontrados
[16:06:46] carregar_alertas: 0 alertas encontrados
[16:06:51] carregar_alertas: 0 alertas encontrados
[16:06:56] carregar_alertas: 0 alertas encontrados
[16:07:01] carregar_alertas: 0 alertas encontrados
[16:07:06] carregar_alertas: 0 alertas encontrados
[16:07:11] carregar_alertas: 0 alertas encontrados
[16:07:16] carregar_alertas: 0 alertas encontrados
[16:07:21] carregar_alertas: 0 alertas encontrados
[16:07:26] carregar_alertas: 0 alertas encontrados
[16:07:31] carregar_alertas: 0 alertas encontrados
[16:07:36] carregar_alertas: 0 alertas encontrados
[16:07:41] carregar_alertas: 0 alertas encontrados
[16:07:46] carregar_alertas: 0 alertas encontrados
[16:07:51] carregar_alertas: 0 alertas encontrados
[16:07:56] carregar_alertas: 0 alertas encontrados
[16:08:01] carregar_alertas: 0 alertas encontrados
[16:08:06] carregar_alertas: 0 alertas encontrados
[16:08:11] carregar_alertas: 0 alertas encontrados
[16:08:16] carregar_alertas: 0 alertas encontrados
[16:08:21] carregar_alertas: 0 alertas encontrados
[16:08:26] carregar_alertas: 0 alertas encontrados
[16:08:31] carregar_alertas: 0 alertas encontrados
[16:08:36] carregar_alertas: 0 alertas encontrados
[16:08:41] carregar_alertas: 0 alertas encontrados
[16:08:46] carregar_alertas: 0 alertas encontrados
[16:08:51] carregar_alertas: 0 alertas encontrados
[16:08:56] carregar_alertas: 0 alertas encontrados
[16:09:01] carregar_alertas: 0 alertas encontrados
[16:09:06] carregar_alertas: 0 alertas encontrados
[16:09:11] carregar_alertas: 0 alertas encontrados
[16:09:16] carregar_alertas: 0 alertas encontrados
[16:09:21] carregar_alertas: 0 alertas encontrados
[16:09:26] carregar_alertas: 0 alertas encontrados
[16:09:31] carregar_alertas: 0 alertas encontrados
[16:09:36] carregar_alertas: 0 alertas encontrados
[16:09:41] carregar_alertas: 0 alertas encontrados
[16:09:46] carregar_alertas: 0 alertas encontrados
[16:09:51] carregar_alertas: 0 alertas encontrados
[16:09:56] carregar_alertas: 0 alertas encontrados
[16:10:01] carregar_alertas: 0 alertas encontrados
[16:10:06] carregar_alertas: 0 alertas encontrados
[16:10:11] carregar_alertas: 0 alertas encontrados
[16:10:16] carregar_alertas: 0 alertas encontrados
[16:10:21] carregar_alertas: 0 alertas encontrados
[16:10:26] carregar_alertas: 0 alertas encontrados
[16:10:31] carregar_alertas: 0 alertas encontrados
[16:10:36] carregar_alertas: 0 alertas encontrados
[16:10:41] carregar_alertas: 0 alertas encontrados
[16:10:46] carregar_alertas: 0 alertas encontrados
[16:10:51] carregar_alertas: 0 alertas encontrados
[16:10:56] carregar_alertas: 0 alertas encontrados
[16:11:02] carregar_alertas: 0 alertas encontrados
[16:11:07] carregar_alertas: 0 alertas encontrados
[16:11:12] carregar_alertas: 0 alertas encontrados
[16:11:17] carregar_alertas: 0 alertas encontrados
[16:11:22] carregar_alertas: 0 alertas encontrados
[16:11:27] carregar_alertas: 0 alertas encontrados
[16:11:32] carregar_alertas: 0 alertas encontrados
[16:11:37] carregar_alertas: 0 alertas encontrados
[16:11:42] carregar_alertas: 0 alertas encontrados
[16:11:47] carregar_alertas: 0 alertas encontrados
[16:11:52] carregar_alertas: 0 alertas encontrados
[16:11:57] carregar_alertas: 0 alertas encontrados
[16:12:02] carregar_alertas: 0 alertas encontrados
[16:12:07] carregar_alertas: 0 alertas encontrados
[16:12:12] carregar_alertas: 0 alertas encontrados
[16:12:17] carregar_alertas: 0 alertas encontrados
[16:12:22] carregar_alertas: 0 alertas encontrados
[16:12:27] carregar_alertas: 0 alertas encontrados
[16:12:32] carregar_alertas: 0 alertas encontrados
[16:12:37] carregar_alertas: 0 alertas encontrados
[16:12:42] carregar_alertas: 0 alertas encontrados
[16:12:47] carregar_alertas: 0 alertas encontrados
[16:12:52] carregar_alertas: 0 alertas encontrados
[16:12:57] carregar_alertas: 0 alertas encontrados
[16:13:02] carregar_alertas: 0 alertas encontrados
[16:13:07] carregar_alertas: 0 alertas encontrados
[16:13:12] carregar_alertas: 0 alertas encontrados
[16:13:17] carregar_alertas: 0 alertas encontrados
[16:13:22] carregar_alertas: 0 alertas encontrados
[16:13:27] carregar_alertas: 0 alertas encontrados
[16:13:32] carregar_alertas: 0 alertas encontrados
[16:13:37] carregar_alertas: 0 alertas encontrados
[16:13:42] carregar_alertas: 0 alertas encontrados
[16:13:47] carregar_alertas: 0 alertas encontrados
[16:13:52] carregar_alertas: 0 alertas encontrados
[16:13:57] carregar_alertas: 0 alertas encontrados
[16:14:02] carregar_alertas: 0 alertas encontrados
[16:14:07] carregar_alertas: 0 alertas encontrados
[16:14:12] carregar_alertas: 0 alertas encontrados
[16:14:17] carregar_alertas: 0 alertas encontrados
[16:14:22] carregar_alertas: 0 alertas encontrados
[16:14:27] carregar_alertas: 0 alertas encontrados
[16:14:32] carregar_alertas: 0 alertas encontrados
[16:14:37] carregar_alertas: 0 alertas encontrados
[16:14:42] carregar_alertas: 0 alertas encontrados
[16:14:47] carregar_alertas: 0 alertas encontrados
[16:14:52] carregar_alertas: 0 alertas encontrados
[16:14:57] carregar_alertas: 0 alertas encontrados
[16:15:02] carregar_alertas: 0 alertas encontrados
[16:15:07] carregar_alertas: 0 alertas encontrados
[16:15:12] carregar_alertas: 0 alertas encontrados
[16:15:17] carregar_alertas: 0 alertas encontrados
[16:15:22] carregar_alertas: 0 alertas encontrados
[16:15:27] carregar_alertas: 0 alertas encontrados
[16:15:32] carregar_alertas: 0 alertas encontrados
[16:15:37] carregar_alertas: 0 alertas encontrados
[16:15:42] carregar_alertas: 0 alertas encontrados
[16:15:47] carregar_alertas: 0 alertas encontrados
[16:15:52] carregar_alertas: 0 alertas encontrados
[16:15:57] carregar_alertas: 0 alertas encontrados
[16:16:02] carregar_alertas: 0 alertas encontrados
[16:16:07] carregar_alertas: 0 alertas encontrados
[16:16:12] carregar_alertas: 0 alertas encontrados
[16:16:17] carregar_alertas: 0 alertas encontrados
[16:16:22] carregar_alertas: 0 alertas encontrados
[16:16:27] carregar_alertas: 0 alertas encontrados
[16:16:32] carregar_alertas: 0 alertas encontrados
[16:16:37] carregar_alertas: 0 alertas encontrados
[16:16:42] carregar_alertas: 0 alertas encontrados
[16:16:47] carregar_alertas: 0 alertas encontrados
[16:16:52] carregar_alertas: 0 alertas encontrados
[16:16:57] carregar_alertas: 0 alertas encontrados
[16:17:02] carregar_alertas: 0 alertas encontrados
[16:17:07] carregar_alertas: 0 alertas encontrados
[16:17:12] carregar_alertas: 0 alertas encontrados
[16:21:50] carregar_alertas: 0 alertas encontrados
[16:21:55] carregar_alertas: 0 alertas encontrados
[16:22:00] carregar_alertas: 0 alertas encontrados
[16:22:05] carregar_alertas: 0 alertas encontrados
[16:22:10] carregar_alertas: 0 alertas encontrados
[16:22:15] carregar_alertas: 0 alertas encontrados
[16:22:20] carregar_alertas: 0 alertas encontrados
[16:22:25] carregar_alertas: 0 alertas encontrados
[16:22:30] carregar_alertas: 0 alertas encontrados
[16:22:35] carregar_alertas: 0 alertas encontrados
[16:22:40] carregar_alertas: 0 alertas encontrados
[16:22:45] carregar_alertas: 0 alertas encontrados
[16:22:50] carregar_alertas: 0 alertas encontrados
[16:22:55] carregar_alertas: 0 alertas encontrados
[16:23:00] carregar_alertas: 0 alertas encontrados
[16:23:05] carregar_alertas: 0 alertas encontrados
[16:23:10] carregar_alertas: 0 alertas encontrados
[16:23:15] carregar_alertas: 0 alertas encontrados
[16:23:20] carregar_alertas: 0 alertas encontrados
[16:23:25] carregar_alertas: 0 alertas encontrados
[16:23:30] carregar_alertas: 0 alertas encontrados
[16:23:35] carregar_alertas: 0 alertas encontrados
[16:23:40] carregar_alertas: 0 alertas encontrados
[16:23:45] carregar_alertas: 0 alertas encontrados
[16:23:50] carregar_alertas: 0 alertas encontrados
[16:23:55] carregar_alertas: 0 alertas encontrados
[16:24:00] carregar_alertas: 0 alertas encontrados
[16:24:05] carregar_alertas: 0 alertas encontrados
[16:24:10] carregar_alertas: 0 alertas encontrados
[16:24:15] carregar_alertas: 0 alertas encontrados
[16:24:20] carregar_alertas: 0 alertas encontrados
[16:24:25] carregar_alertas: 0 alertas encontrados
[16:24:30] carregar_alertas: 0 alertas encontrados
[16:24:35] carregar_alertas: 0 alertas encontrados
[16:24:41] carregar_alertas: 0 alertas encontrados
[16:24:46] carregar_alertas: 0 alertas encontrados
[16:24:51] carregar_alertas: 0 alertas encontrados
[16:24:56] carregar_alertas: 0 alertas encontrados
[16:25:01] carregar_alertas: 0 alertas encontrados
[16:25:06] carregar_alertas: 0 alertas encontrados
[16:25:11] carregar_alertas: 0 alertas encontrados
[16:25:16] carregar_alertas: 0 alertas encontrados
[16:25:21] carregar_alertas: 0 alertas encontrados
[16:25:26] carregar_alertas: 0 alertas encontrados
[16:25:31] carregar_alertas: 0 alertas encontrados
[16:25:36] carregar_alertas: 0 alertas encontrados
[16:25:41] carregar_alertas: 0 alertas encontrados
[16:25:46] carregar_alertas: 0 alertas encontrados
[16:25:51] carregar_alertas: 0 alertas encontrados
[16:25:56] carregar_alertas: 0 alertas encontrados
[16:26:01] carregar_alertas: 0 alertas encontrados
[16:26:06] carregar_alertas: 0 alertas encontrados
[16:26:11] carregar_alertas: 0 alertas encontrados
[16:26:16] carregar_alertas: 0 alertas encontrados
[16:26:21] carregar_alertas: 0 alertas encontrados
[16:26:26] carregar_alertas: 0 alertas encontrados
[16:26:31] carregar_alertas: 0 alertas encontrados
[16:26:36] carregar_alertas: 0 alertas encontrados
[16:26:41] carregar_alertas: 0 alertas encontrados
[16:26:46] carregar_alertas: 0 alertas encontrados
[16:26:51] carregar_alertas: 0 alertas encontrados
[16:26:56] carregar_alertas: 0 alertas encontrados
[16:27:01] carregar_alertas: 0 alertas encontrados
[16:27:06] carregar_alertas: 0 alertas encontrados
[16:27:11] carregar_alertas: 0 alertas encontrados
[16:27:16] carregar_alertas: 0 alertas encontrados
[16:27:21] carregar_alertas: 0 alertas encontrados
[16:27:26] carregar_alertas: 0 alertas encontrados
[16:27:31] carregar_alertas: 0 alertas encontrados
[16:27:36] carregar_alertas: 0 alertas encontrados
[16:27:41] carregar_alertas: 0 alertas encontrados
[16:27:46] carregar_alertas: 0 alertas encontrados
[16:27:51] carregar_alertas: 0 alertas encontrados
[16:27:56] carregar_alertas: 0 alertas encontrados
[16:28:01] carregar_alertas: 0 alertas encontrados
[16:28:06] carregar_alertas: 0 alertas encontrados
[16:28:11] carregar_alertas: 0 alertas encontrados
[16:28:16] carregar_alertas: 0 alertas encontrados
[16:28:21] carregar_alertas: 0 alertas encontrados
[16:28:26] carregar_alertas: 0 alertas encontrados
[16:28:31] carregar_alertas: 0 alertas encontrados
[16:28:36] carregar_alertas: 0 alertas encontrados
[16:28:41] carregar_alertas: 0 alertas encontrados
[16:28:46] carregar_alertas: 0 alertas encontrados
[16:28:51] carregar_alertas: 0 alertas encontrados
[16:28:56] carregar_alertas: 0 alertas encontrados
[16:29:01] carregar_alertas: 0 alertas encontrados
[16:29:06] carregar_alertas: 0 alertas encontrados
[16:29:11] carregar_alertas: 0 alertas encontrados
[16:29:16] carregar_alertas: 0 alertas encontrados
[16:29:21] carregar_alertas: 0 alertas encontrados
[16:29:26] carregar_alertas: 0 alertas encontrados
[16:29:31] carregar_alertas: 0 alertas encontrados
[16:29:36] carregar_alertas: 0 alertas encontrados
[16:29:41] carregar_alertas: 0 alertas encontrados
[16:29:46] carregar_alertas: 0 alertas encontrados
[16:29:51] carregar_alertas: 0 alertas encontrados
[16:29:56] carregar_alertas: 0 alertas encontrados
[16:30:01] carregar_alertas: 0 alertas encontrados
[16:30:06] carregar_alertas: 0 alertas encontrados
[16:30:11] carregar_alertas: 0 alertas encontrados
[16:30:16] carregar_alertas: 0 alertas encontrados
[16:30:21] carregar_alertas: 0 alertas encontrados
[16:30:26] carregar_alertas: 0 alertas encontrados
[16:30:31] carregar_alertas: 0 alertas encontrados
[16:30:36] carregar_alertas: 0 alertas encontrados
[16:30:41] carregar_alertas: 0 alertas encontrados
[16:30:46] carregar_alertas: 0 alertas encontrados
[16:30:51] carregar_alertas: 0 alertas encontrados
[16:30:56] carregar_alertas: 0 alertas encontrados
[16:31:01] carregar_alertas: 0 alertas encontrados
[16:31:06] carregar_alertas: 0 alertas encontrados
[16:31:11] carregar_alertas: 0 alertas encontrados
[16:31:16] carregar_alertas: 0 alertas encontrados
[16:31:21] carregar_alertas: 0 alertas encontrados
[16:31:26] carregar_alertas: 0 alertas encontrados
[16:31:32] carregar_alertas: 0 alertas encontrados
[21:54:41] carregar_alertas: 0 alertas encontrados
[02:22:33] carregar_alertas: 0 alertas encontrados
[07:33:05] carregar_alertas: 0 alertas encontrados
[07:33:10] carregar_alertas: 0 alertas encontrados
[07:33:15] carregar_alertas: 0 alertas encontrados
[07:33:20] carregar_alertas: 0 alertas encontrados
[07:33:25] carregar_alertas: 0 alertas encontrados
[07:33:30] carregar_alertas: 0 alertas encontrados
[07:33:35] carregar_alertas: 0 alertas encontrados
[07:33:40] carregar_alertas: 0 alertas encontrados
[07:33:46] carregar_alertas: 0 alertas encontrados
[07:33:51] carregar_alertas: 0 alertas encontrados
[07:33:56] carregar_alertas: 0 alertas encontrados
[07:34:01] carregar_alertas: 0 alertas encontrados
[07:34:06] carregar_alertas: 0 alertas encontrados
[07:34:11] carregar_alertas: 0 alertas encontrados
[07:34:16] carregar_alertas: 0 alertas encontrados
[07:34:21] carregar_alertas: 0 alertas encontrados
[07:34:26] carregar_alertas: 0 alertas encontrados
[07:34:31] carregar_alertas: 0 alertas encontrados
[07:34:36] carregar_alertas: 0 alertas encontrados
